<?xml version="1.0" encoding="UTF-8"?>
<!-- Generated by org.testng.reporters.JUnitReportReporter -->
<testsuite hostname="DESKTOP-EPSKI2J" name="a.NewTest" tests="1" failures="0" timestamp="18 Nov 2017 11:33:54 GMT" time="5.570" errors="0">
  <testcase name="f" time="5.570" classname="a.NewTest"/>
</testsuite> <!-- a.NewTest -->
